<html>
<head>
<title>TestNG:  Track transfer</title>
<link href="../testng.css" rel="stylesheet" type="text/css" />
<link href="../my-testng.css" rel="stylesheet" type="text/css" />

<style type="text/css">
.log { display: none;} 
.stack-trace { display: none;} 
</style>
<script type="text/javascript">
<!--
function flip(e) {
  current = e.style.display;
  if (current == 'block') {
    e.style.display = 'none';
    return 0;
  }
  else {
    e.style.display = 'block';
    return 1;
  }
}

function toggleBox(szDivId, elem, msg1, msg2)
{
  var res = -1;  if (document.getElementById) {
    res = flip(document.getElementById(szDivId));
  }
  else if (document.all) {
    // this is the way old msie versions work
    res = flip(document.all[szDivId]);
  }
  if(elem) {
    if(res == 0) elem.innerHTML = msg1; else elem.innerHTML = msg2;
  }

}

function toggleAllBoxes() {
  if (document.getElementsByTagName) {
    d = document.getElementsByTagName('div');
    for (i = 0; i < d.length; i++) {
      if (d[i].className == 'log') {
        flip(d[i]);
      }
    }
  }
}

// -->
</script>

</head>
<body>
<h2 align='center'>Track transfer</h2><table border='1' align="center">
<tr>
<td>Tests passed/Failed/Skipped:</td><td>9/1/1</td>
</tr><tr>
<td>Started on:</td><td>Tue Aug 28 22:19:41 IST 2018</td>
</tr>
<tr><td>Total time:</td><td>161 seconds (161058 ms)</td>
</tr><tr>
<td>Included groups:</td><td></td>
</tr><tr>
<td>Excluded groups:</td><td></td>
</tr>
</table><p/>
<small><i>(Hover the method name to see the test class name)</i></small><p/>
<table width='100%' border='1' class='invocation-failed'>
<tr><td colspan='4' align='center'><b>FAILED TESTS</b></td></tr>
<tr><td><b>Test method</b></td>
<td width="30%"><b>Exception</b></td>
<td width="10%"><b>Time (seconds)</b></td>
<td><b>Instance</b></td>
</tr>
<tr>
<td title='WesternUnion_NZsitePageClass.TrackTransferClass.FailingThisMethod()'><b>FailingThisMethod</b><br>Test class: WesternUnion_NZsitePageClass.TrackTransferClass</td>
<td><div><pre>java.lang.AssertionError: expected [true] but found [false]
	at WesternUnion_NZsitePageClass.TrackTransferClass.FailingThisMethod(TrackTransferClass.java:138)
... Removed 31 stack frames</pre></div><a href='#' onClick='toggleBox("stack-trace341372316", this, "Click to show all stack frames", "Click to hide stack frames")'>Click to show all stack frames</a>
<div class='stack-trace' id='stack-trace341372316'><pre>java.lang.AssertionError: expected [true] but found [false]
	at org.testng.Assert.fail(Assert.java:96)
	at org.testng.Assert.failNotEquals(Assert.java:776)
	at org.testng.Assert.assertEqualsImpl(Assert.java:137)
	at org.testng.Assert.assertEquals(Assert.java:118)
	at org.testng.Assert.assertEquals(Assert.java:568)
	at org.testng.Assert.assertEquals(Assert.java:578)
	at WesternUnion_NZsitePageClass.TrackTransferClass.FailingThisMethod(TrackTransferClass.java:138)
	at sun.reflect.NativeMethodAccessorImpl.invoke0(Native Method)
	at sun.reflect.NativeMethodAccessorImpl.invoke(Unknown Source)
	at sun.reflect.DelegatingMethodAccessorImpl.invoke(Unknown Source)
	at java.lang.reflect.Method.invoke(Unknown Source)
	at org.testng.internal.MethodInvocationHelper.invokeMethod(MethodInvocationHelper.java:124)
	at org.testng.internal.Invoker.invokeMethod(Invoker.java:583)
	at org.testng.internal.Invoker.invokeTestMethod(Invoker.java:719)
	at org.testng.internal.Invoker.invokeTestMethods(Invoker.java:989)
	at org.testng.internal.TestMethodWorker.invokeTestMethods(TestMethodWorker.java:125)
	at org.testng.internal.TestMethodWorker.run(TestMethodWorker.java:109)
	at org.testng.TestRunner.privateRun(TestRunner.java:648)
	at org.testng.TestRunner.run(TestRunner.java:505)
	at org.testng.SuiteRunner.runTest(SuiteRunner.java:455)
	at org.testng.SuiteRunner.runSequentially(SuiteRunner.java:450)
	at org.testng.SuiteRunner.privateRun(SuiteRunner.java:415)
	at org.testng.SuiteRunner.run(SuiteRunner.java:364)
	at org.testng.SuiteRunnerWorker.runSuite(SuiteRunnerWorker.java:52)
	at org.testng.SuiteRunnerWorker.run(SuiteRunnerWorker.java:84)
	at org.testng.TestNG.runSuitesSequentially(TestNG.java:1208)
	at org.testng.TestNG.runSuitesLocally(TestNG.java:1137)
	at org.testng.TestNG.runSuites(TestNG.java:1049)
	at org.testng.TestNG.run(TestNG.java:1017)
	at org.testng.remote.AbstractRemoteTestNG.run(AbstractRemoteTestNG.java:114)
	at org.testng.remote.RemoteTestNG.initAndRun(RemoteTestNG.java:251)
	at org.testng.remote.RemoteTestNG.main(RemoteTestNG.java:77)
</pre></div></td>
<td>0</td>
<td>WesternUnion_NZsitePageClass.TrackTransferClass@7d9d1a19</td></tr>
</table><p>
<table width='100%' border='1' class='invocation-passed'>
<tr><td colspan='4' align='center'><b>PASSED TESTS</b></td></tr>
<tr><td><b>Test method</b></td>
<td width="30%"><b>Exception</b></td>
<td width="10%"><b>Time (seconds)</b></td>
<td><b>Instance</b></td>
</tr>
<tr>
<td title='WesternUnion_NZsitePageClass.TrackTransferClass.DontHaveMTCNNumber()'><b>DontHaveMTCNNumber</b><br>Test class: WesternUnion_NZsitePageClass.TrackTransferClass</td>
<td></td>
<td>6</td>
<td>WesternUnion_NZsitePageClass.TrackTransferClass@7d9d1a19</td></tr>
<tr>
<td title='WesternUnion_NZsitePageClass.TrackTransferClass.EnterCorrectMTCNnumber()'><b>EnterCorrectMTCNnumber</b><br>Test class: WesternUnion_NZsitePageClass.TrackTransferClass</td>
<td></td>
<td>6</td>
<td>WesternUnion_NZsitePageClass.TrackTransferClass@7d9d1a19</td></tr>
<tr>
<td title='WesternUnion_NZsitePageClass.TrackTransferClass.EnterWrongMTCNNumber()'><b>EnterWrongMTCNNumber</b><br>Test class: WesternUnion_NZsitePageClass.TrackTransferClass</td>
<td></td>
<td>0</td>
<td>WesternUnion_NZsitePageClass.TrackTransferClass@7d9d1a19</td></tr>
<tr>
<td title='WesternUnion_NZsitePageClass.TrackTransferClass.ErrorMessageInNumber()'><b>ErrorMessageInNumber</b><br>Test class: WesternUnion_NZsitePageClass.TrackTransferClass</td>
<td></td>
<td>0</td>
<td>WesternUnion_NZsitePageClass.TrackTransferClass@7d9d1a19</td></tr>
<tr>
<td title='WesternUnion_NZsitePageClass.TrackTransferClass.ErrorMessageInString()'><b>ErrorMessageInString</b><br>Test class: WesternUnion_NZsitePageClass.TrackTransferClass</td>
<td></td>
<td>5</td>
<td>WesternUnion_NZsitePageClass.TrackTransferClass@7d9d1a19</td></tr>
<tr>
<td title='WesternUnion_NZsitePageClass.TrackTransferClass.SenderPhoneNumberModule()'><b>SenderPhoneNumberModule</b><br>Test class: WesternUnion_NZsitePageClass.TrackTransferClass</td>
<td></td>
<td>9</td>
<td>WesternUnion_NZsitePageClass.TrackTransferClass@7d9d1a19</td></tr>
<tr>
<td title='WesternUnion_NZsitePageClass.TrackTransferClass.StatusOfValidMTCNnumber()'><b>StatusOfValidMTCNnumber</b><br>Test class: WesternUnion_NZsitePageClass.TrackTransferClass</td>
<td></td>
<td>3</td>
<td>WesternUnion_NZsitePageClass.TrackTransferClass@7d9d1a19</td></tr>
<tr>
<td title='WesternUnion_NZsitePageClass.TrackTransferClass.TrackNewTransfer()'><b>TrackNewTransfer</b><br>Test class: WesternUnion_NZsitePageClass.TrackTransferClass</td>
<td></td>
<td>2</td>
<td>WesternUnion_NZsitePageClass.TrackTransferClass@7d9d1a19</td></tr>
<tr>
<td title='WesternUnion_NZsitePageClass.TrackTransferClass.TrackTransferModule()'><b>TrackTransferModule</b><br>Test class: WesternUnion_NZsitePageClass.TrackTransferClass</td>
<td></td>
<td>62</td>
<td>WesternUnion_NZsitePageClass.TrackTransferClass@7d9d1a19</td></tr>
</table><p>
<table width='100%' border='1' class='invocation-skipped'>
<tr><td colspan='4' align='center'><b>SKIPPED TESTS</b></td></tr>
<tr><td><b>Test method</b></td>
<td width="30%"><b>Exception</b></td>
<td width="10%"><b>Time (seconds)</b></td>
<td><b>Instance</b></td>
</tr>
<tr>
<td title='WesternUnion_NZsitePageClass.TrackTransferClass.SearchMTCNWithoutMTCNNumber()'><b>SearchMTCNWithoutMTCNNumber</b><br>Test class: WesternUnion_NZsitePageClass.TrackTransferClass</td>
<td><div><pre>org.testng.SkipException: Skipping this test as this is not yet ready for testing..
	at WesternUnion_NZsitePageClass.TrackTransferClass.SearchMTCNWithoutMTCNNumber(TrackTransferClass.java:130)
... Removed 25 stack frames</pre></div><a href='#' onClick='toggleBox("stack-trace1825445620", this, "Click to show all stack frames", "Click to hide stack frames")'>Click to show all stack frames</a>
<div class='stack-trace' id='stack-trace1825445620'><pre>org.testng.SkipException: Skipping this test as this is not yet ready for testing..
	at WesternUnion_NZsitePageClass.TrackTransferClass.SearchMTCNWithoutMTCNNumber(TrackTransferClass.java:130)
	at sun.reflect.NativeMethodAccessorImpl.invoke0(Native Method)
	at sun.reflect.NativeMethodAccessorImpl.invoke(Unknown Source)
	at sun.reflect.DelegatingMethodAccessorImpl.invoke(Unknown Source)
	at java.lang.reflect.Method.invoke(Unknown Source)
	at org.testng.internal.MethodInvocationHelper.invokeMethod(MethodInvocationHelper.java:124)
	at org.testng.internal.Invoker.invokeMethod(Invoker.java:583)
	at org.testng.internal.Invoker.invokeTestMethod(Invoker.java:719)
	at org.testng.internal.Invoker.invokeTestMethods(Invoker.java:989)
	at org.testng.internal.TestMethodWorker.invokeTestMethods(TestMethodWorker.java:125)
	at org.testng.internal.TestMethodWorker.run(TestMethodWorker.java:109)
	at org.testng.TestRunner.privateRun(TestRunner.java:648)
	at org.testng.TestRunner.run(TestRunner.java:505)
	at org.testng.SuiteRunner.runTest(SuiteRunner.java:455)
	at org.testng.SuiteRunner.runSequentially(SuiteRunner.java:450)
	at org.testng.SuiteRunner.privateRun(SuiteRunner.java:415)
	at org.testng.SuiteRunner.run(SuiteRunner.java:364)
	at org.testng.SuiteRunnerWorker.runSuite(SuiteRunnerWorker.java:52)
	at org.testng.SuiteRunnerWorker.run(SuiteRunnerWorker.java:84)
	at org.testng.TestNG.runSuitesSequentially(TestNG.java:1208)
	at org.testng.TestNG.runSuitesLocally(TestNG.java:1137)
	at org.testng.TestNG.runSuites(TestNG.java:1049)
	at org.testng.TestNG.run(TestNG.java:1017)
	at org.testng.remote.AbstractRemoteTestNG.run(AbstractRemoteTestNG.java:114)
	at org.testng.remote.RemoteTestNG.initAndRun(RemoteTestNG.java:251)
	at org.testng.remote.RemoteTestNG.main(RemoteTestNG.java:77)
</pre></div></td>
<td>0</td>
<td>WesternUnion_NZsitePageClass.TrackTransferClass@7d9d1a19</td></tr>
</table><p>
</body>
</html>