<?xml version="1.0" encoding="UTF-8"?>
<testng-results skipped="1" failed="1" ignored="0" total="11" passed="9">
  <reporter-output>
  </reporter-output>
  <suite name="Track transfer Module" duration-ms="161058" started-at="2018-08-28T16:49:41Z" finished-at="2018-08-28T16:52:22Z">
    <groups>
    </groups>
    <test name="Track transfer" duration-ms="161058" started-at="2018-08-28T16:49:41Z" finished-at="2018-08-28T16:52:22Z">
      <class name="WesternUnion_NZsitePageClass.TrackTransferClass">
        <test-method status="PASS" signature="InitialisingExtentReports()[pri:0, instance:WesternUnion_NZsitePageClass.TrackTransferClass@7d9d1a19]" name="InitialisingExtentReports" is-config="true" duration-ms="169" started-at="2018-08-28T16:49:41Z" finished-at="2018-08-28T16:49:41Z">
          <reporter-output>
          </reporter-output>
        </test-method> <!-- InitialisingExtentReports -->
        <test-method status="PASS" signature="OpeningBrowser()[pri:0, instance:WesternUnion_NZsitePageClass.TrackTransferClass@7d9d1a19]" name="OpeningBrowser" is-config="true" duration-ms="58760" started-at="2018-08-28T16:49:41Z" finished-at="2018-08-28T16:50:40Z">
          <reporter-output>
          </reporter-output>
        </test-method> <!-- OpeningBrowser -->
        <test-method status="PASS" signature="CreateTest(java.lang.reflect.Method)[pri:0, instance:WesternUnion_NZsitePageClass.TrackTransferClass@7d9d1a19]" name="CreateTest" is-config="true" duration-ms="8" started-at="2018-08-28T16:50:40Z" finished-at="2018-08-28T16:50:40Z">
          <params>
            <param index="0">
              <value>
                <![CDATA[public void WesternUnion_NZsitePageClass.TrackTransferClass.TrackTransferModule()]]>
              </value>
            </param>
          </params>
          <reporter-output>
          </reporter-output>
        </test-method> <!-- CreateTest -->
        <test-method status="PASS" signature="TrackTransferModule()[pri:0, instance:WesternUnion_NZsitePageClass.TrackTransferClass@7d9d1a19]" name="TrackTransferModule" duration-ms="62058" started-at="2018-08-28T16:50:40Z" finished-at="2018-08-28T16:51:42Z">
          <reporter-output>
          </reporter-output>
        </test-method> <!-- TrackTransferModule -->
        <test-method status="PASS" signature="GetResult(org.testng.ITestResult)[pri:0, instance:WesternUnion_NZsitePageClass.TrackTransferClass@7d9d1a19]" name="GetResult" is-config="true" duration-ms="3" started-at="2018-08-28T16:51:42Z" finished-at="2018-08-28T16:51:42Z">
          <params>
            <param index="0">
              <value>
                <![CDATA[[TestResult name=TrackTransferModule status=SUCCESS method=TrackTransferClass.TrackTransferModule()[pri:0, instance:WesternUnion_NZsitePageClass.TrackTransferClass@7d9d1a19] output={null}]]]>
              </value>
            </param>
          </params>
          <reporter-output>
          </reporter-output>
        </test-method> <!-- GetResult -->
        <test-method status="PASS" signature="CreateTest(java.lang.reflect.Method)[pri:0, instance:WesternUnion_NZsitePageClass.TrackTransferClass@7d9d1a19]" name="CreateTest" is-config="true" duration-ms="1" started-at="2018-08-28T16:51:42Z" finished-at="2018-08-28T16:51:42Z">
          <params>
            <param index="0">
              <value>
                <![CDATA[public void WesternUnion_NZsitePageClass.TrackTransferClass.EnterWrongMTCNNumber()]]>
              </value>
            </param>
          </params>
          <reporter-output>
          </reporter-output>
        </test-method> <!-- CreateTest -->
        <test-method status="PASS" signature="EnterWrongMTCNNumber()[pri:1, instance:WesternUnion_NZsitePageClass.TrackTransferClass@7d9d1a19]" name="EnterWrongMTCNNumber" duration-ms="598" started-at="2018-08-28T16:51:42Z" finished-at="2018-08-28T16:51:43Z">
          <reporter-output>
          </reporter-output>
        </test-method> <!-- EnterWrongMTCNNumber -->
        <test-method status="PASS" signature="GetResult(org.testng.ITestResult)[pri:0, instance:WesternUnion_NZsitePageClass.TrackTransferClass@7d9d1a19]" name="GetResult" is-config="true" duration-ms="1" started-at="2018-08-28T16:51:43Z" finished-at="2018-08-28T16:51:43Z">
          <params>
            <param index="0">
              <value>
                <![CDATA[[TestResult name=EnterWrongMTCNNumber status=SUCCESS method=TrackTransferClass.EnterWrongMTCNNumber()[pri:1, instance:WesternUnion_NZsitePageClass.TrackTransferClass@7d9d1a19] output={null}]]]>
              </value>
            </param>
          </params>
          <reporter-output>
          </reporter-output>
        </test-method> <!-- GetResult -->
        <test-method status="PASS" signature="CreateTest(java.lang.reflect.Method)[pri:0, instance:WesternUnion_NZsitePageClass.TrackTransferClass@7d9d1a19]" name="CreateTest" is-config="true" duration-ms="1" started-at="2018-08-28T16:51:43Z" finished-at="2018-08-28T16:51:43Z">
          <params>
            <param index="0">
              <value>
                <![CDATA[public void WesternUnion_NZsitePageClass.TrackTransferClass.ErrorMessageInString()]]>
              </value>
            </param>
          </params>
          <reporter-output>
          </reporter-output>
        </test-method> <!-- CreateTest -->
        <test-method status="PASS" signature="ErrorMessageInString()[pri:2, instance:WesternUnion_NZsitePageClass.TrackTransferClass@7d9d1a19]" name="ErrorMessageInString" duration-ms="5823" started-at="2018-08-28T16:51:43Z" finished-at="2018-08-28T16:51:49Z">
          <reporter-output>
          </reporter-output>
        </test-method> <!-- ErrorMessageInString -->
        <test-method status="PASS" signature="GetResult(org.testng.ITestResult)[pri:0, instance:WesternUnion_NZsitePageClass.TrackTransferClass@7d9d1a19]" name="GetResult" is-config="true" duration-ms="1" started-at="2018-08-28T16:51:49Z" finished-at="2018-08-28T16:51:49Z">
          <params>
            <param index="0">
              <value>
                <![CDATA[[TestResult name=ErrorMessageInString status=SUCCESS method=TrackTransferClass.ErrorMessageInString()[pri:2, instance:WesternUnion_NZsitePageClass.TrackTransferClass@7d9d1a19] output={null}]]]>
              </value>
            </param>
          </params>
          <reporter-output>
          </reporter-output>
        </test-method> <!-- GetResult -->
        <test-method status="PASS" signature="ErrorMessageInNumber()[pri:3, instance:WesternUnion_NZsitePageClass.TrackTransferClass@7d9d1a19]" name="ErrorMessageInNumber" duration-ms="19" started-at="2018-08-28T16:51:49Z" finished-at="2018-08-28T16:51:49Z">
          <reporter-output>
          </reporter-output>
        </test-method> <!-- ErrorMessageInNumber -->
        <test-method status="PASS" signature="CreateTest(java.lang.reflect.Method)[pri:0, instance:WesternUnion_NZsitePageClass.TrackTransferClass@7d9d1a19]" name="CreateTest" is-config="true" duration-ms="0" started-at="2018-08-28T16:51:49Z" finished-at="2018-08-28T16:51:49Z">
          <params>
            <param index="0">
              <value>
                <![CDATA[public void WesternUnion_NZsitePageClass.TrackTransferClass.ErrorMessageInNumber()]]>
              </value>
            </param>
          </params>
          <reporter-output>
          </reporter-output>
        </test-method> <!-- CreateTest -->
        <test-method status="PASS" signature="GetResult(org.testng.ITestResult)[pri:0, instance:WesternUnion_NZsitePageClass.TrackTransferClass@7d9d1a19]" name="GetResult" is-config="true" duration-ms="1" started-at="2018-08-28T16:51:49Z" finished-at="2018-08-28T16:51:49Z">
          <params>
            <param index="0">
              <value>
                <![CDATA[[TestResult name=ErrorMessageInNumber status=SUCCESS method=TrackTransferClass.ErrorMessageInNumber()[pri:3, instance:WesternUnion_NZsitePageClass.TrackTransferClass@7d9d1a19] output={null}]]]>
              </value>
            </param>
          </params>
          <reporter-output>
          </reporter-output>
        </test-method> <!-- GetResult -->
        <test-method status="PASS" signature="CreateTest(java.lang.reflect.Method)[pri:0, instance:WesternUnion_NZsitePageClass.TrackTransferClass@7d9d1a19]" name="CreateTest" is-config="true" duration-ms="0" started-at="2018-08-28T16:51:49Z" finished-at="2018-08-28T16:51:49Z">
          <params>
            <param index="0">
              <value>
                <![CDATA[public void WesternUnion_NZsitePageClass.TrackTransferClass.EnterCorrectMTCNnumber() throws java.lang.InterruptedException]]>
              </value>
            </param>
          </params>
          <reporter-output>
          </reporter-output>
        </test-method> <!-- CreateTest -->
        <test-method status="PASS" signature="EnterCorrectMTCNnumber()[pri:4, instance:WesternUnion_NZsitePageClass.TrackTransferClass@7d9d1a19]" name="EnterCorrectMTCNnumber" duration-ms="6739" started-at="2018-08-28T16:51:49Z" finished-at="2018-08-28T16:51:55Z">
          <reporter-output>
          </reporter-output>
        </test-method> <!-- EnterCorrectMTCNnumber -->
        <test-method status="PASS" signature="GetResult(org.testng.ITestResult)[pri:0, instance:WesternUnion_NZsitePageClass.TrackTransferClass@7d9d1a19]" name="GetResult" is-config="true" duration-ms="2" started-at="2018-08-28T16:51:55Z" finished-at="2018-08-28T16:51:55Z">
          <params>
            <param index="0">
              <value>
                <![CDATA[[TestResult name=EnterCorrectMTCNnumber status=SUCCESS method=TrackTransferClass.EnterCorrectMTCNnumber()[pri:4, instance:WesternUnion_NZsitePageClass.TrackTransferClass@7d9d1a19] output={null}]]]>
              </value>
            </param>
          </params>
          <reporter-output>
          </reporter-output>
        </test-method> <!-- GetResult -->
        <test-method status="PASS" signature="CreateTest(java.lang.reflect.Method)[pri:0, instance:WesternUnion_NZsitePageClass.TrackTransferClass@7d9d1a19]" name="CreateTest" is-config="true" duration-ms="1" started-at="2018-08-28T16:51:55Z" finished-at="2018-08-28T16:51:55Z">
          <params>
            <param index="0">
              <value>
                <![CDATA[public void WesternUnion_NZsitePageClass.TrackTransferClass.StatusOfValidMTCNnumber() throws java.lang.InterruptedException]]>
              </value>
            </param>
          </params>
          <reporter-output>
          </reporter-output>
        </test-method> <!-- CreateTest -->
        <test-method status="PASS" signature="StatusOfValidMTCNnumber()[pri:5, instance:WesternUnion_NZsitePageClass.TrackTransferClass@7d9d1a19]" name="StatusOfValidMTCNnumber" duration-ms="3022" started-at="2018-08-28T16:51:55Z" finished-at="2018-08-28T16:51:58Z">
          <reporter-output>
          </reporter-output>
        </test-method> <!-- StatusOfValidMTCNnumber -->
        <test-method status="PASS" signature="GetResult(org.testng.ITestResult)[pri:0, instance:WesternUnion_NZsitePageClass.TrackTransferClass@7d9d1a19]" name="GetResult" is-config="true" duration-ms="1" started-at="2018-08-28T16:51:58Z" finished-at="2018-08-28T16:51:58Z">
          <params>
            <param index="0">
              <value>
                <![CDATA[[TestResult name=StatusOfValidMTCNnumber status=SUCCESS method=TrackTransferClass.StatusOfValidMTCNnumber()[pri:5, instance:WesternUnion_NZsitePageClass.TrackTransferClass@7d9d1a19] output={null}]]]>
              </value>
            </param>
          </params>
          <reporter-output>
          </reporter-output>
        </test-method> <!-- GetResult -->
        <test-method status="PASS" signature="CreateTest(java.lang.reflect.Method)[pri:0, instance:WesternUnion_NZsitePageClass.TrackTransferClass@7d9d1a19]" name="CreateTest" is-config="true" duration-ms="1" started-at="2018-08-28T16:51:58Z" finished-at="2018-08-28T16:51:58Z">
          <params>
            <param index="0">
              <value>
                <![CDATA[public void WesternUnion_NZsitePageClass.TrackTransferClass.TrackNewTransfer() throws java.lang.InterruptedException]]>
              </value>
            </param>
          </params>
          <reporter-output>
          </reporter-output>
        </test-method> <!-- CreateTest -->
        <test-method status="PASS" signature="TrackNewTransfer()[pri:6, instance:WesternUnion_NZsitePageClass.TrackTransferClass@7d9d1a19]" name="TrackNewTransfer" duration-ms="2392" started-at="2018-08-28T16:51:58Z" finished-at="2018-08-28T16:52:01Z">
          <reporter-output>
          </reporter-output>
        </test-method> <!-- TrackNewTransfer -->
        <test-method status="PASS" signature="GetResult(org.testng.ITestResult)[pri:0, instance:WesternUnion_NZsitePageClass.TrackTransferClass@7d9d1a19]" name="GetResult" is-config="true" duration-ms="12" started-at="2018-08-28T16:52:01Z" finished-at="2018-08-28T16:52:01Z">
          <params>
            <param index="0">
              <value>
                <![CDATA[[TestResult name=TrackNewTransfer status=SUCCESS method=TrackTransferClass.TrackNewTransfer()[pri:6, instance:WesternUnion_NZsitePageClass.TrackTransferClass@7d9d1a19] output={null}]]]>
              </value>
            </param>
          </params>
          <reporter-output>
          </reporter-output>
        </test-method> <!-- GetResult -->
        <test-method status="PASS" signature="CreateTest(java.lang.reflect.Method)[pri:0, instance:WesternUnion_NZsitePageClass.TrackTransferClass@7d9d1a19]" name="CreateTest" is-config="true" duration-ms="1" started-at="2018-08-28T16:52:01Z" finished-at="2018-08-28T16:52:01Z">
          <params>
            <param index="0">
              <value>
                <![CDATA[public void WesternUnion_NZsitePageClass.TrackTransferClass.DontHaveMTCNNumber() throws java.lang.InterruptedException]]>
              </value>
            </param>
          </params>
          <reporter-output>
          </reporter-output>
        </test-method> <!-- CreateTest -->
        <test-method status="PASS" signature="DontHaveMTCNNumber()[pri:7, instance:WesternUnion_NZsitePageClass.TrackTransferClass@7d9d1a19]" name="DontHaveMTCNNumber" duration-ms="6539" started-at="2018-08-28T16:52:01Z" finished-at="2018-08-28T16:52:07Z">
          <reporter-output>
          </reporter-output>
        </test-method> <!-- DontHaveMTCNNumber -->
        <test-method status="PASS" signature="GetResult(org.testng.ITestResult)[pri:0, instance:WesternUnion_NZsitePageClass.TrackTransferClass@7d9d1a19]" name="GetResult" is-config="true" duration-ms="1" started-at="2018-08-28T16:52:07Z" finished-at="2018-08-28T16:52:07Z">
          <params>
            <param index="0">
              <value>
                <![CDATA[[TestResult name=DontHaveMTCNNumber status=SUCCESS method=TrackTransferClass.DontHaveMTCNNumber()[pri:7, instance:WesternUnion_NZsitePageClass.TrackTransferClass@7d9d1a19] output={null}]]]>
              </value>
            </param>
          </params>
          <reporter-output>
          </reporter-output>
        </test-method> <!-- GetResult -->
        <test-method status="PASS" signature="CreateTest(java.lang.reflect.Method)[pri:0, instance:WesternUnion_NZsitePageClass.TrackTransferClass@7d9d1a19]" name="CreateTest" is-config="true" duration-ms="0" started-at="2018-08-28T16:52:07Z" finished-at="2018-08-28T16:52:07Z">
          <params>
            <param index="0">
              <value>
                <![CDATA[public void WesternUnion_NZsitePageClass.TrackTransferClass.SearchMTCNWithoutMTCNNumber()]]>
              </value>
            </param>
          </params>
          <reporter-output>
          </reporter-output>
        </test-method> <!-- CreateTest -->
        <test-method status="SKIP" signature="SearchMTCNWithoutMTCNNumber()[pri:8, instance:WesternUnion_NZsitePageClass.TrackTransferClass@7d9d1a19]" name="SearchMTCNWithoutMTCNNumber" duration-ms="2" started-at="2018-08-28T16:52:07Z" finished-at="2018-08-28T16:52:07Z">
          <exception class="org.testng.SkipException">
            <message>
              <![CDATA[Skipping this test as this is not yet ready for testing..]]>
            </message>
            <full-stacktrace>
              <![CDATA[org.testng.SkipException: Skipping this test as this is not yet ready for testing..
at WesternUnion_NZsitePageClass.TrackTransferClass.SearchMTCNWithoutMTCNNumber(TrackTransferClass.java:130)
at sun.reflect.NativeMethodAccessorImpl.invoke0(Native Method)
at sun.reflect.NativeMethodAccessorImpl.invoke(Unknown Source)
at sun.reflect.DelegatingMethodAccessorImpl.invoke(Unknown Source)
at java.lang.reflect.Method.invoke(Unknown Source)
at org.testng.internal.MethodInvocationHelper.invokeMethod(MethodInvocationHelper.java:124)
at org.testng.internal.Invoker.invokeMethod(Invoker.java:583)
at org.testng.internal.Invoker.invokeTestMethod(Invoker.java:719)
at org.testng.internal.Invoker.invokeTestMethods(Invoker.java:989)
at org.testng.internal.TestMethodWorker.invokeTestMethods(TestMethodWorker.java:125)
at org.testng.internal.TestMethodWorker.run(TestMethodWorker.java:109)
at org.testng.TestRunner.privateRun(TestRunner.java:648)
at org.testng.TestRunner.run(TestRunner.java:505)
at org.testng.SuiteRunner.runTest(SuiteRunner.java:455)
at org.testng.SuiteRunner.runSequentially(SuiteRunner.java:450)
at org.testng.SuiteRunner.privateRun(SuiteRunner.java:415)
at org.testng.SuiteRunner.run(SuiteRunner.java:364)
at org.testng.SuiteRunnerWorker.runSuite(SuiteRunnerWorker.java:52)
at org.testng.SuiteRunnerWorker.run(SuiteRunnerWorker.java:84)
at org.testng.TestNG.runSuitesSequentially(TestNG.java:1208)
at org.testng.TestNG.runSuitesLocally(TestNG.java:1137)
at org.testng.TestNG.runSuites(TestNG.java:1049)
at org.testng.TestNG.run(TestNG.java:1017)
at org.testng.remote.AbstractRemoteTestNG.run(AbstractRemoteTestNG.java:114)
at org.testng.remote.RemoteTestNG.initAndRun(RemoteTestNG.java:251)
at org.testng.remote.RemoteTestNG.main(RemoteTestNG.java:77)
]]>
            </full-stacktrace>
          </exception> <!-- org.testng.SkipException -->
          <reporter-output>
          </reporter-output>
        </test-method> <!-- SearchMTCNWithoutMTCNNumber -->
        <test-method status="PASS" signature="GetResult(org.testng.ITestResult)[pri:0, instance:WesternUnion_NZsitePageClass.TrackTransferClass@7d9d1a19]" name="GetResult" is-config="true" duration-ms="9" started-at="2018-08-28T16:52:07Z" finished-at="2018-08-28T16:52:07Z">
          <params>
            <param index="0">
              <value>
                <![CDATA[[TestResult name=SearchMTCNWithoutMTCNNumber status=SKIP method=TrackTransferClass.SearchMTCNWithoutMTCNNumber()[pri:8, instance:WesternUnion_NZsitePageClass.TrackTransferClass@7d9d1a19] output={null}]]]>
              </value>
            </param>
          </params>
          <reporter-output>
          </reporter-output>
        </test-method> <!-- GetResult -->
        <test-method status="PASS" signature="CreateTest(java.lang.reflect.Method)[pri:0, instance:WesternUnion_NZsitePageClass.TrackTransferClass@7d9d1a19]" name="CreateTest" is-config="true" duration-ms="1" started-at="2018-08-28T16:52:07Z" finished-at="2018-08-28T16:52:07Z">
          <params>
            <param index="0">
              <value>
                <![CDATA[public void WesternUnion_NZsitePageClass.TrackTransferClass.FailingThisMethod()]]>
              </value>
            </param>
          </params>
          <reporter-output>
          </reporter-output>
        </test-method> <!-- CreateTest -->
        <test-method status="FAIL" signature="FailingThisMethod()[pri:9, instance:WesternUnion_NZsitePageClass.TrackTransferClass@7d9d1a19]" name="FailingThisMethod" duration-ms="2" started-at="2018-08-28T16:52:07Z" finished-at="2018-08-28T16:52:07Z">
          <exception class="java.lang.AssertionError">
            <message>
              <![CDATA[expected [true] but found [false]]]>
            </message>
            <full-stacktrace>
              <![CDATA[java.lang.AssertionError: expected [true] but found [false]
at org.testng.Assert.fail(Assert.java:96)
at org.testng.Assert.failNotEquals(Assert.java:776)
at org.testng.Assert.assertEqualsImpl(Assert.java:137)
at org.testng.Assert.assertEquals(Assert.java:118)
at org.testng.Assert.assertEquals(Assert.java:568)
at org.testng.Assert.assertEquals(Assert.java:578)
at WesternUnion_NZsitePageClass.TrackTransferClass.FailingThisMethod(TrackTransferClass.java:138)
at sun.reflect.NativeMethodAccessorImpl.invoke0(Native Method)
at sun.reflect.NativeMethodAccessorImpl.invoke(Unknown Source)
at sun.reflect.DelegatingMethodAccessorImpl.invoke(Unknown Source)
at java.lang.reflect.Method.invoke(Unknown Source)
at org.testng.internal.MethodInvocationHelper.invokeMethod(MethodInvocationHelper.java:124)
at org.testng.internal.Invoker.invokeMethod(Invoker.java:583)
at org.testng.internal.Invoker.invokeTestMethod(Invoker.java:719)
at org.testng.internal.Invoker.invokeTestMethods(Invoker.java:989)
at org.testng.internal.TestMethodWorker.invokeTestMethods(TestMethodWorker.java:125)
at org.testng.internal.TestMethodWorker.run(TestMethodWorker.java:109)
at org.testng.TestRunner.privateRun(TestRunner.java:648)
at org.testng.TestRunner.run(TestRunner.java:505)
at org.testng.SuiteRunner.runTest(SuiteRunner.java:455)
at org.testng.SuiteRunner.runSequentially(SuiteRunner.java:450)
at org.testng.SuiteRunner.privateRun(SuiteRunner.java:415)
at org.testng.SuiteRunner.run(SuiteRunner.java:364)
at org.testng.SuiteRunnerWorker.runSuite(SuiteRunnerWorker.java:52)
at org.testng.SuiteRunnerWorker.run(SuiteRunnerWorker.java:84)
at org.testng.TestNG.runSuitesSequentially(TestNG.java:1208)
at org.testng.TestNG.runSuitesLocally(TestNG.java:1137)
at org.testng.TestNG.runSuites(TestNG.java:1049)
at org.testng.TestNG.run(TestNG.java:1017)
at org.testng.remote.AbstractRemoteTestNG.run(AbstractRemoteTestNG.java:114)
at org.testng.remote.RemoteTestNG.initAndRun(RemoteTestNG.java:251)
at org.testng.remote.RemoteTestNG.main(RemoteTestNG.java:77)
]]>
            </full-stacktrace>
          </exception> <!-- java.lang.AssertionError -->
          <reporter-output>
          </reporter-output>
        </test-method> <!-- FailingThisMethod -->
        <test-method status="PASS" signature="GetResult(org.testng.ITestResult)[pri:0, instance:WesternUnion_NZsitePageClass.TrackTransferClass@7d9d1a19]" name="GetResult" is-config="true" duration-ms="84" started-at="2018-08-28T16:52:07Z" finished-at="2018-08-28T16:52:07Z">
          <params>
            <param index="0">
              <value>
                <![CDATA[[TestResult name=FailingThisMethod status=FAILURE method=TrackTransferClass.FailingThisMethod()[pri:9, instance:WesternUnion_NZsitePageClass.TrackTransferClass@7d9d1a19] output={null}]]]>
              </value>
            </param>
          </params>
          <reporter-output>
          </reporter-output>
        </test-method> <!-- GetResult -->
        <test-method status="PASS" signature="CreateTest(java.lang.reflect.Method)[pri:0, instance:WesternUnion_NZsitePageClass.TrackTransferClass@7d9d1a19]" name="CreateTest" is-config="true" duration-ms="1" started-at="2018-08-28T16:52:07Z" finished-at="2018-08-28T16:52:07Z">
          <params>
            <param index="0">
              <value>
                <![CDATA[public void WesternUnion_NZsitePageClass.TrackTransferClass.SenderPhoneNumberModule() throws java.lang.InterruptedException]]>
              </value>
            </param>
          </params>
          <reporter-output>
          </reporter-output>
        </test-method> <!-- CreateTest -->
        <test-method status="PASS" signature="SenderPhoneNumberModule()[pri:10, instance:WesternUnion_NZsitePageClass.TrackTransferClass@7d9d1a19]" name="SenderPhoneNumberModule" duration-ms="9803" started-at="2018-08-28T16:52:07Z" finished-at="2018-08-28T16:52:17Z">
          <reporter-output>
          </reporter-output>
        </test-method> <!-- SenderPhoneNumberModule -->
        <test-method status="PASS" signature="GetResult(org.testng.ITestResult)[pri:0, instance:WesternUnion_NZsitePageClass.TrackTransferClass@7d9d1a19]" name="GetResult" is-config="true" duration-ms="1" started-at="2018-08-28T16:52:17Z" finished-at="2018-08-28T16:52:17Z">
          <params>
            <param index="0">
              <value>
                <![CDATA[[TestResult name=SenderPhoneNumberModule status=SUCCESS method=TrackTransferClass.SenderPhoneNumberModule()[pri:10, instance:WesternUnion_NZsitePageClass.TrackTransferClass@7d9d1a19] output={null}]]]>
              </value>
            </param>
          </params>
          <reporter-output>
          </reporter-output>
        </test-method> <!-- GetResult -->
        <test-method status="PASS" signature="ClosingBrowser()[pri:0, instance:WesternUnion_NZsitePageClass.TrackTransferClass@7d9d1a19]" name="ClosingBrowser" is-config="true" duration-ms="5121" started-at="2018-08-28T16:52:17Z" finished-at="2018-08-28T16:52:22Z">
          <reporter-output>
          </reporter-output>
        </test-method> <!-- ClosingBrowser -->
        <test-method status="PASS" signature="GeneratingReport()[pri:0, instance:WesternUnion_NZsitePageClass.TrackTransferClass@7d9d1a19]" name="GeneratingReport" is-config="true" duration-ms="492" started-at="2018-08-28T16:52:22Z" finished-at="2018-08-28T16:52:23Z">
          <reporter-output>
          </reporter-output>
        </test-method> <!-- GeneratingReport -->
      </class> <!-- WesternUnion_NZsitePageClass.TrackTransferClass -->
    </test> <!-- Track transfer -->
  </suite> <!-- Track transfer Module -->
</testng-results>
